{
  "RSpec": {
    "coverage": {
      "/Users/apprentice/meal/app/helpers/application_helper.rb": [
        1,
        null
      ],
      "/Users/apprentice/meal/app/models/group.rb": [
        1,
        1,
        1,
        1,
        null
      ],
      "/Users/apprentice/meal/app/models/application_record.rb": [
        1,
        1,
        null
      ],
      "/Users/apprentice/meal/app/models/hangout.rb": [
        1,
        1,
        1,
        1,
        1,
        null
      ],
      "/Users/apprentice/meal/app/models/location.rb": [
        1,
        1,
        null
      ],
      "/Users/apprentice/meal/app/models/user.rb": [
        1,
        1,
        null,
        1,
        1,
        1,
        1,
        null
      ],
      "/Users/apprentice/meal/app/controllers/application_controller.rb": [
        0,
        0,
        0
      ]
    },
    "timestamp": 1493421614
  }
}
